0 info it worked if it ends with ok
1 verbose cli [ 'c:\\Program Files\\nodejs\\node.exe',
1 verbose cli   'c:\\Program Files\\nodejs\\node_modules\\npm\\bin\\npm-cli.js',
1 verbose cli   'i',
1 verbose cli   'stall' ]
2 info using npm@1.4.28
3 info using node@v0.10.33
4 warn package.json Blog@1.0.0 No README data
5 verbose readDependencies using package.json deps
6 verbose cache add [ 'stall', null ]
7 verbose cache add name=undefined spec="stall" args=["stall",null]
8 verbose parsed url { protocol: null,
8 verbose parsed url   slashes: null,
8 verbose parsed url   auth: null,
8 verbose parsed url   host: null,
8 verbose parsed url   port: null,
8 verbose parsed url   hostname: null,
8 verbose parsed url   hash: null,
8 verbose parsed url   search: null,
8 verbose parsed url   query: null,
8 verbose parsed url   pathname: 'stall',
8 verbose parsed url   path: 'stall',
8 verbose parsed url   href: 'stall' }
9 silly lockFile 6e1c6c9e-stall stall
10 verbose lock stall C:\Users\Basil\AppData\Roaming\npm-cache\6e1c6c9e-stall.lock
11 silly lockFile 6e1c6c9e-stall stall
12 silly lockFile 6e1c6c9e-stall stall
13 verbose addNamed [ 'stall', '' ]
14 verbose addNamed [ null, '*' ]
15 silly lockFile 74b867cb-stall stall@
16 verbose lock stall@ C:\Users\Basil\AppData\Roaming\npm-cache\74b867cb-stall.lock
17 silly addNameRange { name: 'stall', range: '*', hasData: false }
18 verbose request where is /stall
19 verbose request registry https://registry.npmjs.org/
20 verbose request id 1e0a013e66202575
21 verbose url raw /stall
22 verbose url resolving [ 'https://registry.npmjs.org/', './stall' ]
23 verbose url resolved https://registry.npmjs.org/stall
24 verbose request where is https://registry.npmjs.org/stall
25 info trying registry request attempt 1 at 14:00:59
26 http GET https://registry.npmjs.org/stall
27 http 404 https://registry.npmjs.org/stall
28 verbose headers { date: 'Thu, 27 Nov 2014 19:00:58 GMT',
28 verbose headers   server: 'CouchDB/1.5.0 (Erlang OTP/R16B03)',
28 verbose headers   'content-type': 'application/json',
28 verbose headers   'cache-control': 'max-age=0',
28 verbose headers   'content-length': '52',
28 verbose headers   'accept-ranges': 'bytes',
28 verbose headers   via: '1.1 varnish',
28 verbose headers   age: '0',
28 verbose headers   'x-served-by': 'cache-jfk1035-JFK',
28 verbose headers   'x-cache': 'MISS',
28 verbose headers   'x-cache-hits': '0',
28 verbose headers   'x-timer': 'S1417114858.402934,VS0,VE76',
28 verbose headers   'keep-alive': 'timeout=10, max=50',
28 verbose headers   connection: 'Keep-Alive' }
29 silly registry.get cb [ 404,
29 silly registry.get   { date: 'Thu, 27 Nov 2014 19:00:58 GMT',
29 silly registry.get     server: 'CouchDB/1.5.0 (Erlang OTP/R16B03)',
29 silly registry.get     'content-type': 'application/json',
29 silly registry.get     'cache-control': 'max-age=0',
29 silly registry.get     'content-length': '52',
29 silly registry.get     'accept-ranges': 'bytes',
29 silly registry.get     via: '1.1 varnish',
29 silly registry.get     age: '0',
29 silly registry.get     'x-served-by': 'cache-jfk1035-JFK',
29 silly registry.get     'x-cache': 'MISS',
29 silly registry.get     'x-cache-hits': '0',
29 silly registry.get     'x-timer': 'S1417114858.402934,VS0,VE76',
29 silly registry.get     'keep-alive': 'timeout=10, max=50',
29 silly registry.get     connection: 'Keep-Alive' } ]
30 silly lockFile 74b867cb-stall stall@
31 silly lockFile 74b867cb-stall stall@
32 error 404 404 Not Found: stall
32 error 404
32 error 404 'stall' is not in the npm registry.
32 error 404 You should bug the author to publish it
32 error 404 It was specified as a dependency of 'Blog'
32 error 404
32 error 404 Note that you can also install from a
32 error 404 tarball, folder, or http url, or git url.
33 error System Windows_NT 6.2.9200
34 error command "c:\\Program Files\\nodejs\\node.exe" "c:\\Program Files\\nodejs\\node_modules\\npm\\bin\\npm-cli.js" "i" "stall"
35 error cwd c:\Dev\blog
36 error node -v v0.10.33
37 error npm -v 1.4.28
38 error code E404
39 verbose exit [ 1, true ]
